[2016-02-16 22:19:39] START
[2016-02-16 22:23:31] EDIT UAI/models/db.py: 60
[2016-02-16 22:23:57] EDIT UAI/models/db.py: 2
[2016-02-16 22:24:03] EDIT UAI/models/db.py: 0
[2016-02-16 22:24:10] EDIT UAI/models/db.py: 0
[2016-02-16 22:24:14] EDIT UAI/models/db.py: 0
[2016-02-16 22:24:36] EDIT UAI/models/db.py: 0
[2016-02-16 22:31:39] EDIT UAI/views/default/catalogue.html: 0
[2016-02-16 22:31:56] EDIT UAI/views/default/catalogue.html: 0
[2016-02-16 22:32:16] EDIT UAI/views/default/catalogue.html: 0
[2016-02-17 08:11:24] EDIT UAI/views/default/catalogue.html: 0
[2016-02-17 08:21:40] EDIT UAI/views/default/catalogue.html: 1
[2016-02-17 08:21:56] EDIT UAI/views/default/catalogue.html: 2
[2016-02-17 08:22:25] EDIT UAI/views/default/catalogue.html: 0
[2016-02-17 08:22:49] EDIT UAI/views/default/catalogue.html: 0
[2016-02-17 08:23:53] EDIT UAI/views/default/catalogue.html: 1
[2016-02-17 08:24:46] EDIT UAI/views/default/catalogue.html: 0
[2016-02-17 08:25:02] EDIT UAI/views/default/catalogue.html: 0
[2016-02-17 08:25:35] EDIT UAI/views/default/catalogue.html: 0
[2016-02-17 08:26:06] EDIT UAI/views/default/catalogue.html: 2
[2016-02-17 08:27:18] EDIT UAI/views/default/catalogue.html: 1
[2016-02-17 08:27:38] EDIT UAI/views/default/catalogue.html: 5
[2016-02-17 08:27:51] EDIT UAI/views/default/catalogue.html: 0
[2016-02-17 08:28:05] EDIT UAI/views/default/catalogue.html: 0
[2016-02-17 08:28:45] EDIT UAI/views/default/catalogue.html: 1
[2016-02-17 08:29:04] EDIT UAI/views/default/catalogue.html: 5
[2016-02-17 08:29:09] EDIT UAI/views/default/catalogue.html: 0
[2016-02-17 08:29:40] EDIT UAI/views/default/catalogue.html: 1
[2016-02-17 08:30:04] EDIT UAI/views/default/catalogue.html: 5
[2016-02-17 08:30:09] EDIT UAI/views/default/catalogue.html: 0
[2016-02-17 08:30:56] EDIT UAI/views/default/catalogue.html: 6
[2016-02-17 08:31:01] EDIT UAI/views/default/catalogue.html: 0
[2016-02-17 08:31:31] EDIT UAI/views/default/catalogue.html: 1
[2016-02-17 08:31:35] EDIT UAI/views/default/catalogue.html: 0
[2016-02-17 08:31:56] EDIT UAI/views/default/catalogue.html: 5
[2016-02-17 08:32:04] EDIT UAI/views/default/catalogue.html: 0
[2016-02-17 08:33:07] EDIT UAI/views/default/catalogue.html: 6
[2016-02-17 08:33:15] EDIT UAI/views/default/catalogue.html: 0
[2016-02-17 08:33:39] EDIT UAI/views/default/catalogue.html: 1
[2016-02-17 08:33:51] EDIT UAI/views/default/catalogue.html: 5
[2016-02-17 08:34:02] EDIT UAI/views/default/catalogue.html: 0
[2016-02-17 08:34:26] EDIT UAI/views/default/catalogue.html: 1
[2016-02-17 08:34:40] EDIT UAI/views/default/catalogue.html: 5
[2016-02-17 08:34:49] EDIT UAI/views/default/catalogue.html: 0
[2016-02-17 08:35:00] EDIT UAI/views/default/catalogue.html: 0
[2016-02-17 08:35:31] EDIT UAI/views/default/catalogue.html: 1
[2016-02-17 08:35:46] EDIT UAI/views/default/catalogue.html: 5
[2016-02-17 08:35:58] EDIT UAI/views/default/catalogue.html: 0
[2016-02-17 08:36:04] EDIT UAI/views/default/catalogue.html: 0
[2016-02-17 08:53:13] EDIT UAI/models/db.py: 0
[2016-02-17 08:53:53] EDIT UAI/models/db.py: 0
[2016-02-17 08:55:44] EDIT UAI/models/db.py: 1
[2016-02-17 08:55:52] EDIT UAI/models/db.py: -1
[2016-02-17 08:56:28] EDIT UAI/models/db.py: 1
[2016-02-17 08:57:10] EDIT UAI/models/db.py: -1
[2016-02-17 09:06:03] EDIT UAI/controllers/default.py: 1
[2016-02-17 09:06:31] EDIT UAI/controllers/default.py: 0
[2016-02-17 09:06:38] EDIT UAI/controllers/default.py: -1
[2016-02-17 09:07:06] EDIT UAI/controllers/default.py: 0
[2016-02-17 09:07:17] EDIT UAI/controllers/default.py: 0
[2016-02-17 09:07:53] EDIT UAI/controllers/default.py: 0
[2016-02-17 09:09:34] EDIT UAI/controllers/default.py: 1
[2016-02-17 09:09:52] EDIT UAI/controllers/default.py: 0
[2016-02-17 09:09:56] EDIT UAI/controllers/default.py: -1
[2016-02-17 16:05:54] EDIT UAI/views/default/catalogue.html: 0
[2016-02-17 16:06:53] EDIT UAI/views/default/catalogue.html: 0
[2016-02-17 16:08:06] EDIT UAI/controllers/default.py: 1
[2016-02-17 16:08:39] EDIT UAI/controllers/default.py: 1
[2016-02-17 16:09:50] EDIT UAI/views/default/catalogue.html: 0
[2016-02-17 16:10:01] EDIT UAI/views/default/catalogue.html: 0
[2016-02-17 16:11:12] EDIT UAI/controllers/default.py: 0
[2016-02-17 16:11:17] EDIT UAI/controllers/default.py: 0
[2016-02-17 16:11:21] EDIT UAI/controllers/default.py: 0
[2016-02-17 16:12:01] EDIT UAI/controllers/default.py: 2
[2016-02-17 16:12:14] EDIT UAI/controllers/default.py: 0
[2016-02-17 16:12:17] EDIT UAI/controllers/default.py: 0
[2016-02-17 16:13:03] EDIT UAI/views/default/catalogue.html: 0
[2016-02-17 16:13:12] EDIT UAI/controllers/default.py: 0
[2016-02-17 16:13:50] EDIT UAI/views/default/catalogue.html: 0
[2016-02-17 16:13:59] EDIT UAI/controllers/default.py: 0
[2016-02-17 16:14:50] EDIT UAI/views/default/catalogue.html: 0
[2016-02-17 16:19:57] EDIT UAI/views/default/catalogue.html: 0
[2016-02-17 16:24:01] EDIT UAI/controllers/default.py: 1
[2016-02-17 16:24:40] EDIT UAI/controllers/default.py: -1
[2016-02-17 16:24:48] EDIT UAI/controllers/default.py: -1
[2016-02-17 16:24:54] EDIT UAI/controllers/default.py: 0
[2016-02-17 16:24:58] EDIT UAI/controllers/default.py: 0
[2016-02-17 16:25:01] EDIT UAI/controllers/default.py: 0
[2016-02-17 16:25:17] EDIT UAI/controllers/default.py: 0
[2016-02-17 16:27:10] EDIT UAI/controllers/default.py: -6
[2016-02-17 16:27:19] EDIT UAI/controllers/default.py: -1
[2016-02-17 16:27:29] EDIT UAI/controllers/default.py: -1
[2016-02-17 16:27:35] EDIT UAI/controllers/default.py: 0
[2016-02-17 16:27:42] EDIT UAI/controllers/default.py: -1
[2016-02-17 16:30:05] EDIT UAI/controllers/default.py: 0
[2016-02-17 16:31:19] EDIT UAI/controllers/default.py: 0
[2016-02-17 16:31:39] EDIT UAI/controllers/default.py: 1
[2016-02-17 16:31:50] EDIT UAI/controllers/default.py: 0
[2016-02-17 16:31:59] EDIT UAI/controllers/default.py: -1
[2016-02-17 16:51:21] EDIT UAI/views/default/catalogue.html: 1
[2016-02-17 16:51:52] EDIT UAI/views/default/catalogue.html: -1
[2016-02-17 16:52:35] EDIT UAI/controllers/default.py: 1
[2016-02-17 16:52:43] EDIT UAI/controllers/default.py: 0
[2016-02-17 16:54:21] EDIT UAI/controllers/default.py: 0
[2016-02-17 16:54:34] EDIT UAI/controllers/default.py: 0
[2016-02-17 16:54:42] EDIT UAI/controllers/default.py: 0
[2016-02-17 16:55:00] EDIT UAI/controllers/default.py: 0
[2016-02-17 16:56:52] EDIT UAI/views/default/catalogue.html: 1
[2016-02-17 16:57:38] EDIT UAI/views/default/catalogue.html: -1
[2016-02-17 16:58:00] EDIT UAI/controllers/default.py: -1
[2016-02-17 16:58:53] EDIT UAI/controllers/default.py: 1
[2016-02-17 16:59:19] EDIT UAI/controllers/default.py: 0
[2016-02-17 17:02:10] EDIT UAI/controllers/default.py: 1
[2016-02-17 17:02:17] EDIT UAI/controllers/default.py: -1
[2016-02-17 17:02:21] EDIT UAI/controllers/default.py: 0
[2016-02-17 17:02:41] EDIT UAI/controllers/default.py: 0
[2016-02-17 17:05:12] EDIT UAI/controllers/default.py: 0
[2016-02-17 17:05:45] EDIT UAI/controllers/default.py: 0
[2016-02-17 17:06:42] EDIT UAI/controllers/default.py: 0
[2016-02-17 17:07:03] EDIT UAI/controllers/default.py: 0
[2016-02-17 17:07:29] EDIT UAI/controllers/default.py: 0
[2016-02-17 17:08:15] EDIT UAI/controllers/default.py: 0
[2016-02-17 17:08:38] EDIT UAI/controllers/default.py: -1
[2016-02-17 17:08:47] EDIT UAI/controllers/default.py: 0
[2016-02-18 14:47:17] EDIT UAI/views/default/catalogue.html: -1
[2016-02-18 14:47:36] EDIT UAI/views/default/catalogue.html: -10
[2016-02-18 14:48:29] EDIT UAI/views/default/catalogue.html: -1
[2016-02-18 14:48:40] EDIT UAI/views/default/catalogue.html: -8
[2016-02-18 14:49:26] EDIT UAI/views/default/catalogue.html: 0
[2016-02-18 14:50:04] EDIT UAI/views/default/catalogue.html: -34
[2016-02-18 14:50:44] EDIT UAI/views/default/catalogue.html: -1
[2016-02-18 14:57:16] EDIT UAI/views/default/catalogue.html: -45
[2016-02-18 14:57:37] EDIT UAI/views/default/catalogue.html: -17
[2016-02-18 14:58:39] EDIT UAI/views/default/catalogue.html: -2
[2016-02-18 19:31:56] EDIT UAI/models/db.py: 2
[2016-02-18 19:32:37] EDIT UAI/models/db.py: 1
[2016-02-18 19:35:30] EDIT UAI/controllers/default.py: 3
[2016-02-18 19:35:34] EDIT UAI/controllers/default.py: 0
[2016-02-18 19:36:24] EDIT UAI/controllers/default.py: 0
[2016-02-18 19:37:06] EDIT UAI/controllers/default.py: 0
[2016-02-19 07:57:03] EDIT UAI/views/default/catalogue.html: 1
[2016-02-19 07:57:33] EDIT UAI/views/default/catalogue.html: 51
[2016-02-19 07:57:54] EDIT UAI/views/default/catalogue.html: 0
[2016-02-19 07:59:26] EDIT UAI/controllers/default.py: 0
[2016-02-19 07:59:44] EDIT UAI/views/default/catalogue.html: -3
[2016-02-19 07:59:53] EDIT UAI/views/default/catalogue.html: -3
[2016-02-19 08:00:59] EDIT UAI/views/default/catalogue.html: 0
[2016-02-19 08:01:08] EDIT UAI/views/default/catalogue.html: 0
[2016-02-19 08:01:19] EDIT UAI/views/default/catalogue.html: 0
[2016-02-19 08:01:43] EDIT UAI/views/default/catalogue.html: 0
[2016-02-19 08:02:28] EDIT UAI/views/default/catalogue.html: 18
[2016-02-19 08:02:34] EDIT UAI/views/default/catalogue.html: -1
[2016-02-19 08:02:53] EDIT UAI/views/default/catalogue.html: 0
[2016-02-19 08:03:24] EDIT UAI/views/default/catalogue.html: 1
[2016-02-19 08:03:31] EDIT UAI/views/default/catalogue.html: 1
[2016-02-19 08:05:51] EDIT UAI/views/default/catalogue.html: -1
[2016-02-19 08:05:54] EDIT UAI/views/default/catalogue.html: 0
[2016-02-19 08:07:10] EDIT UAI/views/default/catalogue.html: 0
[2016-02-19 08:07:25] EDIT UAI/views/default/catalogue.html: -45
[2016-02-19 08:08:00] EDIT UAI/views/default/catalogue.html: 45
[2016-02-19 08:08:28] EDIT UAI/views/default/catalogue.html: 0
[2016-02-19 08:08:37] EDIT UAI/views/default/catalogue.html: -45
[2016-02-19 08:09:26] EDIT UAI/views/default/catalogue.html: 45
[2016-02-19 08:09:41] EDIT UAI/views/default/catalogue.html: 0
[2016-02-19 08:10:30] EDIT UAI/views/default/catalogue.html: 0
[2016-02-19 08:12:46] EDIT UAI/views/default/catalogue.html: 1
[2016-02-19 08:12:50] EDIT UAI/views/default/catalogue.html: 0
[2016-02-19 08:15:01] EDIT UAI/views/default/catalogue.html: 0
[2016-02-19 08:15:46] EDIT UAI/controllers/default.py: 3
[2016-02-19 08:15:53] EDIT UAI/controllers/default.py: 0
[2016-02-19 08:15:57] EDIT UAI/controllers/default.py: -1
[2016-02-19 08:16:21] EDIT UAI/views/default/catalogue.html: 0
[2016-02-19 08:17:04] EDIT UAI/controllers/default.py: 0
[2016-02-19 08:17:23] EDIT UAI/controllers/default.py: 0
[2016-02-19 08:18:24] EDIT UAI/views/default/catalogue.html: 1
[2016-02-19 08:18:28] EDIT UAI/views/default/catalogue.html: 0
[2016-02-19 08:18:44] EDIT UAI/views/default/catalogue.html: 1
[2016-02-19 08:18:55] EDIT UAI/views/default/catalogue.html: 0
[2016-02-19 08:19:50] EDIT UAI/models/db.py: 1
[2016-02-19 08:20:09] EDIT UAI/models/db.py: 1
[2016-02-19 08:20:25] EDIT UAI/models/db.py: 1
[2016-02-19 08:21:18] EDIT UAI/models/db.py: 0
[2016-02-19 08:22:19] EDIT UAI/views/default/catalogue.html: 0
[2016-02-19 08:22:38] EDIT UAI/views/default/catalogue.html: 0
[2016-02-19 08:22:44] EDIT UAI/views/default/catalogue.html: 0
[2016-02-19 08:23:51] EDIT UAI/views/default/catalogue.html: 0
[2016-02-19 08:24:02] EDIT UAI/views/default/catalogue.html: 0
[2016-02-19 08:24:27] EDIT UAI/views/default/catalogue.html: 0
[2016-02-19 08:31:32] EDIT UAI/static/css/simple-sidebar.css: 0
[2016-02-19 08:31:54] EDIT UAI/static/css/simple-sidebar.css: 0
[2016-02-19 08:32:15] EDIT UAI/static/css/simple-sidebar.css: 0
[2016-02-19 08:32:34] EDIT UAI/static/css/simple-sidebar.css: 1
[2016-02-19 08:33:02] EDIT UAI/static/css/simple-sidebar.css: 0
[2016-02-19 08:33:05] EDIT UAI/static/css/simple-sidebar.css: 0
[2016-02-19 08:33:20] EDIT UAI/static/css/simple-sidebar.css: 0
[2016-02-19 08:34:24] EDIT UAI/static/css/simple-sidebar.css: 0
[2016-02-19 08:35:02] EDIT UAI/static/css/simple-sidebar.css: 0
[2016-02-19 08:35:27] EDIT UAI/static/css/simple-sidebar.css: 0
[2016-02-19 08:35:37] EDIT UAI/static/css/simple-sidebar.css: 0
[2016-02-19 08:35:43] EDIT UAI/static/css/simple-sidebar.css: 0
[2016-02-19 08:35:52] EDIT UAI/static/css/simple-sidebar.css: 0
[2016-02-19 08:35:58] EDIT UAI/static/css/simple-sidebar.css: 0
[2016-02-19 08:36:39] EDIT UAI/static/css/simple-sidebar.css: 1
[2016-02-19 08:36:50] EDIT UAI/static/css/simple-sidebar.css: 0
[2016-02-19 08:36:59] EDIT UAI/static/css/simple-sidebar.css: 0
[2016-02-19 08:37:13] EDIT UAI/static/css/simple-sidebar.css: -1
[2016-02-19 08:37:22] EDIT UAI/static/css/simple-sidebar.css: 0
[2016-02-19 08:37:28] EDIT UAI/static/css/simple-sidebar.css: 0
[2016-02-19 08:37:38] EDIT UAI/static/css/simple-sidebar.css: 0
[2016-02-19 08:38:03] EDIT UAI/static/css/simple-sidebar.css: 0
[2016-02-19 08:45:19] EDIT UAI/controllers/default.py: 0
[2016-02-19 08:45:36] EDIT UAI/views/default/catalogue.html: 0
[2016-02-19 08:45:48] EDIT UAI/views/default/catalogue.html: 0
[2016-02-19 08:53:30] EDIT UAI/views/default/catalogue.html: 0
[2016-02-19 09:03:01] EDIT UAI/views/default/catalogue.html: -8
[2016-02-19 09:05:17] EDIT UAI/views/default/catalogue.html: -18
[2016-02-19 09:09:24] EDIT UAI/views/default/catalogue.html: 0
[2016-02-19 09:12:06] EDIT UAI/controllers/default.py: 1
[2016-02-19 09:12:15] EDIT UAI/controllers/default.py: 0
[2016-02-19 09:12:45] EDIT UAI/controllers/default.py: -1
[2016-02-19 09:12:57] EDIT UAI/controllers/default.py: -2
[2016-02-19 09:13:17] EDIT UAI/controllers/default.py: 1
[2016-02-19 09:13:26] EDIT UAI/controllers/default.py: 0
[2016-02-19 09:13:39] EDIT UAI/controllers/default.py: -2
[2016-02-19 09:13:59] EDIT UAI/controllers/default.py: 1
[2016-02-19 09:14:22] EDIT UAI/controllers/default.py: 1
[2016-02-19 09:14:49] EDIT UAI/controllers/default.py: 1
[2016-02-19 09:15:10] EDIT UAI/controllers/default.py: 1
[2016-02-19 09:15:31] EDIT UAI/controllers/default.py: 1
[2016-02-19 09:16:09] EDIT UAI/controllers/default.py: 0
[2016-02-19 09:16:24] EDIT UAI/controllers/default.py: 0
[2016-02-19 09:16:34] EDIT UAI/controllers/default.py: 0
[2016-02-19 09:16:42] EDIT UAI/controllers/default.py: 0
[2016-02-19 09:59:18] EDIT SIAGES/views/default/catalogue.html: 0
[2016-02-19 10:06:53] EDIT SIAGES/controllers/default.py: 1
[2016-02-19 10:07:13] EDIT SIAGES/controllers/default.py: 1
[2016-02-19 10:07:37] EDIT SIAGES/controllers/default.py: 2
[2016-02-19 10:07:53] EDIT SIAGES/controllers/default.py: 1
[2016-02-19 10:08:07] EDIT SIAGES/controllers/default.py: 1
[2016-02-19 10:08:25] EDIT SIAGES/controllers/default.py: 2
[2016-02-19 10:08:38] EDIT SIAGES/controllers/default.py: 0
[2016-02-19 10:09:33] EDIT SIAGES/views/default/catalogue.html: 1
[2016-02-19 10:10:34] EDIT SIAGES/views/default/catalogue.html: 2
[2016-02-19 10:11:14] EDIT SIAGES/controllers/default.py: 1
[2016-02-19 10:12:19] EDIT SIAGES/controllers/default.py: 0
[2016-02-19 10:13:39] EDIT SIAGES/views/default/catalogue.html: 13
[2016-02-19 10:14:29] EDIT SIAGES/views/default/catalogue.html: 0
[2016-02-19 10:15:10] EDIT SIAGES/views/default/catalogue.html: 0
[2016-02-19 10:15:50] EDIT SIAGES/views/default/catalogue.html: 1
[2016-02-19 10:16:02] EDIT SIAGES/views/default/catalogue.html: 10
[2016-02-19 10:16:32] EDIT SIAGES/views/default/catalogue.html: 2
[2016-02-19 10:18:50] EDIT SIAGES/controllers/default.py: 0
[2016-02-19 10:21:31] EDIT SIAGES/views/default/catalogue.html: 1
[2016-02-19 10:21:33] EDIT SIAGES/views/default/catalogue.html: 0
[2016-02-19 10:21:44] EDIT SIAGES/views/default/catalogue.html: 0
[2016-02-19 10:22:29] EDIT SIAGES/views/default/catalogue.html: -1
[2016-02-19 10:23:27] EDIT SIAGES/controllers/default.py: 0
[2016-02-19 10:24:42] EDIT SIAGES/views/default/catalogue.html: 1
[2016-02-19 10:25:00] EDIT SIAGES/views/default/catalogue.html: 0
[2016-02-19 10:25:09] EDIT SIAGES/views/default/catalogue.html: 0
[2016-02-19 10:25:55] EDIT SIAGES/views/default/catalogue.html: -1
[2016-02-19 10:26:44] EDIT SIAGES/views/default/catalogue.html: -1
[2016-02-19 10:27:22] EDIT SIAGES/views/default/catalogue.html: 11
[2016-02-19 10:27:43] EDIT SIAGES/views/default/catalogue.html: 0
[2016-02-19 10:28:09] EDIT SIAGES/views/default/catalogue.html: 0
[2016-02-19 10:29:06] EDIT SIAGES/views/default/catalogue.html: 11
[2016-02-19 10:29:16] EDIT SIAGES/views/default/catalogue.html: 0
[2016-02-19 10:29:22] EDIT SIAGES/views/default/catalogue.html: 0
[2016-02-19 10:30:10] EDIT SIAGES/views/default/catalogue.html: 11
[2016-02-19 10:30:31] EDIT SIAGES/views/default/catalogue.html: 0
[2016-02-19 10:31:44] EDIT SIAGES/views/default/catalogue.html: 11
[2016-02-19 10:31:51] EDIT SIAGES/views/default/catalogue.html: 0
[2016-02-19 10:32:06] EDIT SIAGES/views/default/catalogue.html: 0
[2016-02-19 10:32:45] EDIT SIAGES/views/default/catalogue.html: 11
[2016-02-19 10:33:31] EDIT SIAGES/views/default/catalogue.html: 0
[2016-02-19 10:34:23] EDIT SIAGES/views/default/catalogue.html: 0
[2016-02-19 10:34:33] EDIT SIAGES/views/default/catalogue.html: 0
[2016-02-19 10:39:59] EDIT SIAGES/controllers/default.py: 0
[2016-02-19 10:40:09] EDIT SIAGES/views/default/catalogue.html: -1
[2016-02-19 10:40:37] EDIT SIAGES/controllers/default.py: 1
[2016-02-19 10:40:56] EDIT SIAGES/controllers/default.py: 0
[2016-02-19 10:41:36] EDIT SIAGES/controllers/default.py: 0
[2016-02-19 10:41:53] EDIT SIAGES/views/default/catalogue.html: 0
[2016-02-19 10:44:19] EDIT SIAGES/controllers/default.py: 0
[2016-02-19 10:44:23] EDIT SIAGES/controllers/default.py: -1
[2016-02-19 10:44:36] EDIT SIAGES/views/default/catalogue.html: 0
[2016-02-19 10:47:12] EDIT SIAGES/controllers/default.py: 0
[2016-02-19 10:48:39] EDIT SIAGES/controllers/default.py: 0
[2016-02-19 10:48:43] EDIT SIAGES/controllers/default.py: 0
[2016-02-19 10:48:48] EDIT SIAGES/controllers/default.py: 1
[2016-02-19 10:48:52] EDIT SIAGES/controllers/default.py: 0
[2016-02-19 10:49:00] EDIT SIAGES/controllers/default.py: -1
[2016-02-19 10:49:26] EDIT SIAGES/controllers/default.py: 1
[2016-02-19 10:49:40] EDIT SIAGES/controllers/default.py: 0
[2016-02-19 10:50:58] EDIT SIAGES/controllers/default.py: 0
[2016-02-19 10:51:06] EDIT SIAGES/views/default/catalogue.html: 0
[2016-02-19 10:52:07] EDIT SIAGES/controllers/default.py: 0
[2016-02-19 10:53:28] EDIT SIAGES/views/default/catalogue.html: 0
[2016-02-19 10:53:48] EDIT SIAGES/controllers/default.py: -1
[2016-02-19 10:55:50] EDIT SIAGES/views/default/catalogue.html: 0
[2016-02-19 11:03:28] EDIT SIAGES/views/default/catalogue.html: -1
[2016-02-19 11:24:20] EDIT SIAGES/views/default/catalogue.html: 0
[2016-02-19 11:32:19] EDIT SIAGES/models/db.py: 0
[2016-02-19 11:33:31] EDIT SIAGES/models/db.py: 1
[2016-02-19 11:37:36] EDIT SIAGES/models/db.py: 2
[2016-02-19 11:40:34] EDIT SIAGES/views/default/catalogue.html: 2
[2016-02-19 12:48:25] EDIT SIAGES/views/default/catalogue.html: -1
[2016-02-19 12:48:32] EDIT SIAGES/views/default/catalogue.html: 1
[2016-02-19 12:49:26] EDIT SIAGES/views/default/catalogue.html: 2
[2016-02-19 12:49:59] EDIT SIAGES/views/default/catalogue.html: 2
[2016-02-25 20:10:01] EDIT SIAGES/controllers/default.py: 0
[2016-02-25 20:10:46] EDIT SIAGES/controllers/default.py: 0
[2016-02-25 20:12:55] EDIT SIAGES/views/default/catalogue.html: 0
[2016-02-25 20:14:51] EDIT SIAGES/views/default/catalogue.html: 0
[2016-02-25 20:15:57] EDIT SIAGES/views/default/catalogue.html: 2
[2016-02-25 20:16:13] EDIT SIAGES/views/default/catalogue.html: 0
[2016-02-25 20:16:41] EDIT SIAGES/views/default/catalogue.html: 0
[2016-02-25 20:17:35] EDIT SIAGES/views/default/catalogue.html: 2
[2016-02-25 20:18:09] EDIT SIAGES/views/default/catalogue.html: 2
[2016-02-25 20:18:12] EDIT SIAGES/views/default/catalogue.html: 0
[2016-02-25 20:18:19] EDIT SIAGES/views/default/catalogue.html: 0
[2016-02-25 20:18:45] EDIT SIAGES/views/default/catalogue.html: 2
[2016-02-25 20:19:01] EDIT SIAGES/views/default/catalogue.html: 0
[2016-02-25 20:19:22] EDIT SIAGES/views/default/catalogue.html: 2
[2016-02-25 20:19:25] EDIT SIAGES/views/default/catalogue.html: 0
[2016-02-25 20:19:37] EDIT SIAGES/views/default/catalogue.html: 0
[2016-02-25 20:20:10] EDIT SIAGES/views/default/catalogue.html: 2
[2016-02-25 20:20:27] EDIT SIAGES/views/default/catalogue.html: 0
[2016-02-25 20:20:46] EDIT SIAGES/views/default/catalogue.html: 2
[2016-02-25 20:20:49] EDIT SIAGES/views/default/catalogue.html: 0
[2016-02-25 20:20:59] EDIT SIAGES/views/default/catalogue.html: 0
[2016-02-25 20:21:47] EDIT SIAGES/controllers/default.py: 2
[2016-02-25 20:22:06] EDIT SIAGES/controllers/default.py: 0
[2016-02-25 20:24:03] CREATE default/mod_catalogo.html: 0
[2016-02-25 20:25:38] EDIT SIAGES/views/default/mod_catalogo.html: 0
[2016-02-25 20:26:55] EDIT SIAGES/controllers/default.py: 0
[2016-02-25 20:36:57] EDIT SIAGES/views/default/catalogue.html: 0
[2016-02-25 20:37:17] EDIT SIAGES/views/default/catalogue.html: 0
[2016-02-25 20:37:43] EDIT SIAGES/views/default/catalogue.html: -1
[2016-02-25 20:37:58] EDIT SIAGES/views/default/catalogue.html: 0
[2016-02-25 20:38:16] EDIT SIAGES/views/default/catalogue.html: -1
[2016-02-25 20:38:23] EDIT SIAGES/views/default/catalogue.html: 0
[2016-02-25 20:38:31] EDIT SIAGES/views/default/catalogue.html: 0
[2016-02-25 20:38:51] EDIT SIAGES/views/default/catalogue.html: 0
[2016-02-25 20:39:06] EDIT SIAGES/views/default/catalogue.html: 0
[2016-02-25 20:39:57] EDIT SIAGES/views/default/catalogue.html: 0
[2016-02-25 20:42:28] EDIT SIAGES/views/default/catalogue.html: -1
[2016-02-25 20:42:52] EDIT SIAGES/controllers/default.py: 1
[2016-02-25 20:42:56] EDIT SIAGES/controllers/default.py: 0
[2016-02-25 20:43:22] EDIT SIAGES/controllers/default.py: 13
[2016-02-25 20:43:25] EDIT SIAGES/controllers/default.py: 0
[2016-02-25 20:44:52] EDIT SIAGES/controllers/default.py: 0
[2016-02-25 20:45:23] EDIT SIAGES/controllers/default.py: 0
[2016-02-25 20:45:37] EDIT SIAGES/controllers/default.py: 0
[2016-02-25 20:45:50] EDIT SIAGES/controllers/default.py: 0
[2016-02-25 20:46:01] EDIT SIAGES/controllers/default.py: 0
[2016-02-25 20:46:12] EDIT SIAGES/controllers/default.py: 0
[2016-02-25 20:46:18] EDIT SIAGES/views/default/catalogue.html: 0
[2016-02-25 20:47:24] EDIT SIAGES/views/default/catalogue.html: 0
[2016-02-25 20:47:57] EDIT SIAGES/views/default/catalogue.html: 0
[2016-02-25 20:48:43] EDIT SIAGES/views/default/catalogue.html: 0
[2016-02-25 20:49:24] EDIT SIAGES/views/default/catalogue.html: 0
[2016-02-25 20:49:29] EDIT SIAGES/views/default/catalogue.html: 0
[2016-02-25 20:52:29] EDIT SIAGES/controllers/default.py: 6
[2016-02-25 20:52:45] EDIT SIAGES/controllers/default.py: -6
[2016-02-25 20:55:11] EDIT SIAGES/controllers/default.py: 11
[2016-02-25 20:55:21] EDIT SIAGES/controllers/default.py: 0
[2016-02-25 20:55:29] EDIT SIAGES/controllers/default.py: 0
[2016-02-25 20:55:39] EDIT SIAGES/controllers/default.py: 0
[2016-02-25 20:55:51] EDIT SIAGES/controllers/default.py: 0
[2016-02-25 20:56:10] EDIT SIAGES/controllers/default.py: 0
[2016-02-25 20:56:12] EDIT SIAGES/controllers/default.py: 0
[2016-02-25 20:56:16] EDIT SIAGES/controllers/default.py: 0
[2016-02-25 20:56:25] EDIT SIAGES/controllers/default.py: -11
[2016-02-25 20:59:53] EDIT SIAGES/controllers/default.py: 2
[2016-02-25 20:59:59] EDIT SIAGES/controllers/default.py: 0
[2016-02-25 21:00:22] EDIT SIAGES/controllers/default.py: 12
[2016-02-25 21:02:12] EDIT SIAGES/controllers/default.py: 0
[2016-02-25 21:02:35] EDIT SIAGES/controllers/default.py: 0
[2016-02-25 21:02:42] EDIT SIAGES/controllers/default.py: 0
[2016-02-25 21:02:46] EDIT SIAGES/controllers/default.py: 0
[2016-02-25 21:04:22] EDIT SIAGES/views/default/mod_catalogo.html: 0
[2016-02-25 21:04:41] EDIT SIAGES/controllers/default.py: 0
[2016-02-25 21:05:12] EDIT SIAGES/controllers/default.py: 0
[2016-02-25 21:06:45] EDIT SIAGES/controllers/default.py: 7
[2016-02-25 21:12:27] EDIT SIAGES/controllers/default.py: 0
[2016-02-25 21:12:33] EDIT SIAGES/controllers/default.py: 0
[2016-02-25 21:13:48] EDIT SIAGES/views/default/catalogue.html: 0
[2016-02-25 21:14:06] EDIT SIAGES/views/default/catalogue.html: 0
[2016-02-25 21:14:28] EDIT SIAGES/controllers/default.py: 0
[2016-02-25 21:14:40] EDIT SIAGES/views/default/catalogue.html: 0
[2016-02-25 21:14:53] EDIT SIAGES/views/default/catalogue.html: 0
[2016-02-25 21:15:03] EDIT SIAGES/views/default/catalogue.html: 0
[2016-02-25 21:15:10] EDIT SIAGES/views/default/catalogue.html: 0
[2016-02-25 21:15:15] EDIT SIAGES/views/default/catalogue.html: 0
[2016-02-26 08:30:48] EDIT SIAGES/views/default/mod_catalogo.html: 16
[2016-02-26 08:32:31] EDIT SIAGES/views/default/mod_catalogo.html: -1
[2016-02-26 08:34:20] EDIT SIAGES/controllers/default.py: 4
[2016-02-26 08:34:55] EDIT SIAGES/controllers/default.py: 2
[2016-02-26 08:35:15] EDIT SIAGES/controllers/default.py: 3
[2016-02-26 08:35:32] EDIT SIAGES/controllers/default.py: 3
[2016-02-26 08:35:59] EDIT SIAGES/controllers/default.py: 3
[2016-02-26 08:36:13] EDIT SIAGES/controllers/default.py: 6
[2016-02-26 08:36:21] EDIT SIAGES/controllers/default.py: 0
[2016-02-26 08:39:27] EDIT SIAGES/views/default/catalogue.html: 0
[2016-02-26 08:39:32] EDIT SIAGES/views/default/mod_catalogo.html: 1
[2016-02-26 08:40:48] EDIT SIAGES/controllers/default.py: 1
[2016-02-26 08:40:51] EDIT SIAGES/controllers/default.py: 0
[2016-02-26 08:41:17] EDIT SIAGES/views/default/mod_catalogo.html: 1
[2016-02-26 08:42:28] EDIT SIAGES/views/default/mod_catalogo.html: 1
[2016-02-26 08:42:34] EDIT SIAGES/views/default/mod_catalogo.html: 0
[2016-02-26 08:42:58] EDIT SIAGES/views/default/mod_catalogo.html: 0
[2016-02-26 08:43:24] EDIT SIAGES/views/default/mod_catalogo.html: 0
[2016-02-26 08:43:28] EDIT SIAGES/views/default/mod_catalogo.html: 0
[2016-02-26 08:43:38] EDIT SIAGES/views/default/mod_catalogo.html: 0
[2016-02-26 08:46:03] EDIT SIAGES/views/default/mod_catalogo.html: 0
[2016-02-26 08:47:07] EDIT SIAGES/views/default/mod_catalogo.html: 0
[2016-02-26 08:47:40] EDIT SIAGES/views/default/mod_catalogo.html: 0
[2016-02-26 08:48:25] EDIT SIAGES/views/default/mod_catalogo.html: 0
[2016-02-26 08:49:35] EDIT SIAGES/views/default/mod_catalogo.html: 0
[2016-02-26 08:50:15] EDIT SIAGES/views/default/mod_catalogo.html: 0
[2016-02-26 08:50:31] EDIT SIAGES/views/default/mod_catalogo.html: 0
[2016-02-26 08:51:05] EDIT SIAGES/views/default/mod_catalogo.html: 0
[2016-02-26 08:51:38] EDIT SIAGES/views/default/mod_catalogo.html: 0
[2016-02-26 08:54:03] EDIT SIAGES/views/default/mod_catalogo.html: 0
[2016-02-26 08:54:41] EDIT SIAGES/views/default/mod_catalogo.html: 0
[2016-02-26 08:54:45] EDIT SIAGES/views/default/mod_catalogo.html: 0
[2016-02-26 08:55:05] EDIT SIAGES/views/default/mod_catalogo.html: 0
[2016-02-26 08:56:09] EDIT SIAGES/controllers/default.py: 1
[2016-02-26 08:56:12] EDIT SIAGES/controllers/default.py: 0
[2016-02-26 08:56:16] EDIT SIAGES/controllers/default.py: 0
[2016-02-26 08:57:32] EDIT SIAGES/controllers/default.py: 8
[2016-02-26 08:57:49] EDIT SIAGES/controllers/default.py: 0
[2016-02-26 08:57:56] EDIT SIAGES/controllers/default.py: 0
[2016-02-26 08:58:14] EDIT SIAGES/controllers/default.py: 0
[2016-02-26 08:58:34] EDIT SIAGES/controllers/default.py: 0
[2016-02-26 08:58:56] EDIT SIAGES/controllers/default.py: 0
[2016-02-26 08:59:26] EDIT SIAGES/controllers/default.py: 0
[2016-02-26 08:59:29] EDIT SIAGES/controllers/default.py: 0
[2016-02-26 08:59:48] EDIT SIAGES/controllers/default.py: -1
[2016-02-26 08:59:51] EDIT SIAGES/controllers/default.py: -1
[2016-02-26 09:01:15] EDIT SIAGES/controllers/default.py: -1
[2016-02-26 09:01:59] EDIT SIAGES/controllers/default.py: 1
[2016-02-26 09:02:18] EDIT SIAGES/controllers/default.py: -2
[2016-02-26 09:02:44] EDIT SIAGES/controllers/default.py: 1
[2016-02-26 09:03:56] EDIT SIAGES/controllers/default.py: 0
[2016-02-26 09:05:46] EDIT SIAGES/controllers/default.py: 2
[2016-02-26 09:05:48] EDIT SIAGES/controllers/default.py: 0
[2016-02-26 09:05:51] EDIT SIAGES/controllers/default.py: 0
[2016-02-26 09:07:08] EDIT SIAGES/views/default/catalogue.html: 1
[2016-02-26 09:07:31] EDIT SIAGES/controllers/default.py: 0
[2016-02-26 09:07:49] EDIT SIAGES/controllers/default.py: 0
[2016-02-26 09:08:01] EDIT SIAGES/controllers/default.py: 0
[2016-02-26 09:09:00] EDIT SIAGES/controllers/default.py: 0
[2016-02-26 09:09:14] EDIT SIAGES/controllers/default.py: 0
[2016-02-26 09:10:25] EDIT SIAGES/controllers/default.py: 0
[2016-02-26 09:10:51] EDIT SIAGES/views/default/catalogue.html: -1
[2016-02-26 09:13:27] EDIT SIAGES/views/default/mod_catalogo.html: -1
[2016-02-26 09:25:51] EDIT SIAGES/views/default/catalogue.html: 0
[2016-02-26 09:26:05] EDIT SIAGES/views/default/catalogue.html: 1
[2016-02-26 09:26:10] EDIT SIAGES/views/default/catalogue.html: -1
[2016-02-26 09:26:29] EDIT SIAGES/views/default/catalogue.html: 1
[2016-02-26 09:26:35] EDIT SIAGES/views/default/catalogue.html: -1
[2016-02-26 09:27:02] EDIT SIAGES/views/default/catalogue.html: 1
[2016-02-26 09:27:06] EDIT SIAGES/views/default/catalogue.html: 0
[2016-02-26 09:27:10] EDIT SIAGES/views/default/catalogue.html: -1
[2016-02-26 09:27:20] EDIT SIAGES/views/default/catalogue.html: 1
[2016-02-26 09:27:24] EDIT SIAGES/views/default/catalogue.html: 0
[2016-02-26 09:27:27] EDIT SIAGES/views/default/catalogue.html: -1
[2016-02-26 09:27:36] EDIT SIAGES/views/default/catalogue.html: 1
[2016-02-26 09:27:40] EDIT SIAGES/views/default/catalogue.html: 0
[2016-02-26 09:27:53] EDIT SIAGES/views/default/catalogue.html: 0
[2016-02-26 09:27:57] EDIT SIAGES/views/default/catalogue.html: 0
[2016-02-26 09:28:00] EDIT SIAGES/views/default/catalogue.html: -1
[2016-02-26 09:28:44] EDIT SIAGES/controllers/default.py: 63
[2016-02-26 09:29:40] EDIT SIAGES/controllers/default.py: -3
[2016-02-26 09:30:09] EDIT SIAGES/controllers/default.py: -11
[2016-02-26 09:30:31] EDIT SIAGES/controllers/default.py: -8
[2016-02-26 09:30:37] EDIT SIAGES/controllers/default.py: 0
[2016-02-26 09:31:00] EDIT SIAGES/controllers/default.py: -8
[2016-02-26 09:31:06] EDIT SIAGES/controllers/default.py: 0
[2016-02-26 09:31:22] EDIT SIAGES/controllers/default.py: -8
[2016-02-26 09:31:52] EDIT SIAGES/controllers/default.py: -8
[2016-02-26 09:34:45] EDIT SIAGES/controllers/default.py: -12
[2016-02-26 09:37:42] EDIT SIAGES/controllers/default.py: 0
[2016-02-26 09:43:35] EDIT SIAGES/controllers/default.py: 1
[2016-02-26 09:43:48] EDIT SIAGES/controllers/default.py: 0
[2016-02-26 09:43:53] EDIT SIAGES/controllers/default.py: -1
[2016-02-26 09:44:54] EDIT SIAGES/controllers/default.py: 0
[2016-02-26 09:45:01] EDIT SIAGES/controllers/default.py: 0
[2016-02-26 09:45:03] EDIT SIAGES/controllers/default.py: 0
[2016-02-26 09:45:19] EDIT SIAGES/controllers/default.py: 0
[2016-02-26 09:45:45] EDIT SIAGES/controllers/default.py: 0
[2016-02-26 09:49:04] EDIT SIAGES/controllers/default.py: 0
[2016-02-26 09:49:48] EDIT SIAGES/controllers/default.py: 0
[2016-02-26 09:50:13] EDIT SIAGES/controllers/default.py: 0
[2016-02-26 09:51:38] EDIT SIAGES/controllers/default.py: 0
[2016-02-26 09:52:10] EDIT SIAGES/controllers/default.py: 0
[2016-02-26 09:53:46] EDIT SIAGES/controllers/default.py: 1
[2016-02-26 09:54:07] EDIT SIAGES/controllers/default.py: -1
[2016-02-26 09:54:56] EDIT SIAGES/controllers/default.py: -16
[2016-02-26 09:55:23] EDIT SIAGES/controllers/default.py: -12
[2016-02-26 09:55:24] EDIT SIAGES/controllers/default.py: 0
[2016-02-26 09:59:06] EDIT SIAGES/controllers/default.py: 28
[2016-02-26 09:59:09] EDIT SIAGES/controllers/default.py: 0
